<?xml version="1.0" encoding="UTF-8"?>
<testng-results ignored="0" total="1" passed="1" failed="0" skipped="0">
  <reporter-output>
  </reporter-output>
  <suite started-at="2024-06-17T16:17:53 ADT" name="Default suite" finished-at="2024-06-17T16:19:11 ADT" duration-ms="77970">
    <groups>
    </groups>
    <test started-at="2024-06-17T16:17:53 ADT" name="Default test" finished-at="2024-06-17T16:19:11 ADT" duration-ms="77970">
      <class name="BeyondTrustTest">
        <test-method is-config="true" signature="init()[pri:0, instance:BeyondTrustTest@6fd83fc1]" started-at="2024-06-17T16:17:53 ADT" name="init" finished-at="2024-06-17T16:18:51 ADT" duration-ms="57631" status="PASS">
          <reporter-output>
          </reporter-output>
        </test-method> <!-- init -->
        <test-method is-config="true" signature="setup()[pri:0, instance:BeyondTrustTest@6fd83fc1]" started-at="2024-06-17T16:18:51 ADT" name="setup" finished-at="2024-06-17T16:19:10 ADT" duration-ms="18598" status="PASS">
          <reporter-output>
          </reporter-output>
        </test-method> <!-- setup -->
        <test-method signature="test1()[pri:0, instance:BeyondTrustTest@6fd83fc1]" started-at="2024-06-17T16:19:10 ADT" name="test1" finished-at="2024-06-17T16:19:10 ADT" duration-ms="16" status="PASS">
          <reporter-output>
          </reporter-output>
        </test-method> <!-- test1 -->
        <test-method is-config="true" signature="teardown()[pri:0, instance:BeyondTrustTest@6fd83fc1]" started-at="2024-06-17T16:19:10 ADT" name="teardown" finished-at="2024-06-17T16:19:11 ADT" duration-ms="1660" status="PASS">
          <reporter-output>
          </reporter-output>
        </test-method> <!-- teardown -->
      </class> <!-- BeyondTrustTest -->
    </test> <!-- Default test -->
  </suite> <!-- Default suite -->
</testng-results>
